   Compiling tg-ch5 v0.4.2-preview.1 (/home/donjuan/git/ai4ose-lab1/tg-ch5)
    Finished `dev` profile [unoptimized + debuginfo] target(s) in 0.33s
     Running `qemu-system-riscv64 -machine virt -bios none -device virtio-gpu-device,xres=800,yres=600 -device virtio-keyboard-device -device virtio-mouse-device -serial stdio -display sdl -kernel target/riscv64gc-unknown-none-elf/debug/tg-ch5`

   ______                       __
  / ____/___  ____  _________  / /__
 / /   / __ \/ __ \/ ___/ __ \/ / _ \
/ /___/ /_/ / / / (__  ) /_/ / /  __/
\____/\____/_/ /_/____/\____/_/\___/
====================================
[90m[TRACE] LOG TEST >> Hello, world![0m
[32m[DEBUG] LOG TEST >> Hello, world![0m
[34m[ INFO] LOG TEST >> Hello, world![0m
[93m[ WARN] LOG TEST >> Hello, world![0m
[31m[ERROR] LOG TEST >> Hello, world![0m

[34m[ INFO] .text ----> 0x80200000..0x80238000[0m
[34m[ INFO] .rodata --> 0x80238000..0x80248000[0m
[34m[ INFO] .data ----> 0x80248000..0x81f99288[0m
[34m[ INFO] .boot ----> 0x81f9a000..0x81fba000[0m
[34m[ INFO] (heap) ---> 0x81fba000..0x83200000[0m

[KERNEL] Initializing VirtIO devices...
[32m[DEBUG] Device features: Feature(NOTIFY_ON_EMPTY | ANY_LAYOUT | RING_INDIRECT_DESC | RING_EVENT_IDX)[0m
[34m[ INFO] VirtIO-Input device declared[0m
[32m[DEBUG] Device features: Feature(NOTIFY_ON_EMPTY | ANY_LAYOUT | RING_INDIRECT_DESC | RING_EVENT_IDX)[0m
[34m[ INFO] VirtIO-Input device declared[0m
[34m[ INFO] Found VirtIO GPU, initializing...[0m
[32m[DEBUG] Device features: Features(EDID | NOTIFY_ON_EMPTY | ANY_LAYOUT | RING_INDIRECT_DESC | RING_EVENT_IDX)[0m
[34m[ INFO] events_read: 0x0, num_scanouts: 0x1[0m
[34m[ INFO] GPU resolution: 800x600[0m
[34m[ INFO] => RespDisplayInfo { header: CtrlHeader { hdr_type: Command(4353), flags: 0, fence_id: 0, ctx_id: 0, _padding: 0 }, rect: Rect { x: 0, y: 0, width: 800, height: 600 }, enabled: 1, flags: 0 }[0m
[34m[ INFO] VirtIO-GPU device declared: 800x600[0m
Rust user shell
>> 